Determining if the function sgemm_ exists failed with the following output:
Change Dir: /mnt/d/CLionProjects/CPPNSU/example 2/_build_lib/CMakeFiles/CMakeTmp

Run Build Command(s):/usr/bin/ninja cmTC_9e013 && [1/2] Building C object CMakeFiles/cmTC_9e013.dir/CheckFunctionExists.c.o
[2/2] Linking C executable cmTC_9e013
FAILED: cmTC_9e013 
: && /usr/bin/cc -DCHECK_FUNCTION_EXISTS=sgemm_   CMakeFiles/cmTC_9e013.dir/CheckFunctionExists.c.o  -o cmTC_9e013   && :
/usr/bin/ld: CMakeFiles/cmTC_9e013.dir/CheckFunctionExists.c.o: in function `main':
CheckFunctionExists.c:(.text+0x14): undefined reference to `sgemm_'
collect2: error: ld returned 1 exit status
ninja: build stopped: subcommand failed.



Performing C SOURCE FILE Test CMAKE_HAVE_LIBC_PTHREAD failed with the following output:
Change Dir: /mnt/d/CLionProjects/CPPNSU/example 2/_build_lib/CMakeFiles/CMakeTmp

Run Build Command(s):/usr/bin/ninja cmTC_8249f && [1/2] Building C object CMakeFiles/cmTC_8249f.dir/src.c.o
[2/2] Linking C executable cmTC_8249f
FAILED: cmTC_8249f 
: && /usr/bin/cc -DCMAKE_HAVE_LIBC_PTHREAD   CMakeFiles/cmTC_8249f.dir/src.c.o  -o cmTC_8249f   && :
/usr/bin/ld: CMakeFiles/cmTC_8249f.dir/src.c.o: in function `main':
src.c:(.text+0x46): undefined reference to `pthread_create'
/usr/bin/ld: src.c:(.text+0x52): undefined reference to `pthread_detach'
/usr/bin/ld: src.c:(.text+0x63): undefined reference to `pthread_join'
collect2: error: ld returned 1 exit status
ninja: build stopped: subcommand failed.


Source file was:
#include <pthread.h>

void* test_func(void* data)
{
  return data;
}

int main(void)
{
  pthread_t thread;
  pthread_create(&thread, NULL, test_func, NULL);
  pthread_detach(thread);
  pthread_join(thread, NULL);
  pthread_atfork(NULL, NULL, NULL);
  pthread_exit(NULL);

  return 0;
}

Determining if the function pthread_create exists in the pthreads failed with the following output:
Change Dir: /mnt/d/CLionProjects/CPPNSU/example 2/_build_lib/CMakeFiles/CMakeTmp

Run Build Command(s):/usr/bin/ninja cmTC_d6aac && [1/2] Building C object CMakeFiles/cmTC_d6aac.dir/CheckFunctionExists.c.o
[2/2] Linking C executable cmTC_d6aac
FAILED: cmTC_d6aac 
: && /usr/bin/cc -DCHECK_FUNCTION_EXISTS=pthread_create   CMakeFiles/cmTC_d6aac.dir/CheckFunctionExists.c.o  -o cmTC_d6aac  -lpthreads && :
/usr/bin/ld: cannot find -lpthreads
collect2: error: ld returned 1 exit status
ninja: build stopped: subcommand failed.



Determining if the function sgemm_ exists failed with the following output:
Change Dir: /mnt/d/CLionProjects/CPPNSU/example 2/_build_lib/CMakeFiles/CMakeTmp

Run Build Command(s):/usr/bin/make cmTC_0db9f/fast && /usr/bin/make -f CMakeFiles/cmTC_0db9f.dir/build.make CMakeFiles/cmTC_0db9f.dir/build
make[1]: Entering directory '/mnt/d/CLionProjects/CPPNSU/example 2/_build_lib/CMakeFiles/CMakeTmp'
Building C object CMakeFiles/cmTC_0db9f.dir/CheckFunctionExists.c.o
/usr/bin/cc   -DCHECK_FUNCTION_EXISTS=sgemm_   -o CMakeFiles/cmTC_0db9f.dir/CheckFunctionExists.c.o   -c /usr/share/cmake-3.16/Modules/CheckFunctionExists.c
Linking C executable cmTC_0db9f
/usr/bin/cmake -E cmake_link_script CMakeFiles/cmTC_0db9f.dir/link.txt --verbose=1
/usr/bin/cc  -DCHECK_FUNCTION_EXISTS=sgemm_    CMakeFiles/cmTC_0db9f.dir/CheckFunctionExists.c.o  -o cmTC_0db9f 
/usr/bin/ld: CMakeFiles/cmTC_0db9f.dir/CheckFunctionExists.c.o: in function `main':
CheckFunctionExists.c:(.text+0x14): undefined reference to `sgemm_'
collect2: error: ld returned 1 exit status
make[1]: *** [CMakeFiles/cmTC_0db9f.dir/build.make:87: cmTC_0db9f] Error 1
make[1]: Leaving directory '/mnt/d/CLionProjects/CPPNSU/example 2/_build_lib/CMakeFiles/CMakeTmp'
make: *** [Makefile:121: cmTC_0db9f/fast] Error 2



Performing C SOURCE FILE Test CMAKE_HAVE_LIBC_PTHREAD failed with the following output:
Change Dir: /mnt/d/CLionProjects/CPPNSU/example 2/_build_lib/CMakeFiles/CMakeTmp

Run Build Command(s):/usr/bin/make cmTC_0cfff/fast && /usr/bin/make -f CMakeFiles/cmTC_0cfff.dir/build.make CMakeFiles/cmTC_0cfff.dir/build
make[1]: Entering directory '/mnt/d/CLionProjects/CPPNSU/example 2/_build_lib/CMakeFiles/CMakeTmp'
Building C object CMakeFiles/cmTC_0cfff.dir/src.c.o
/usr/bin/cc   -DCMAKE_HAVE_LIBC_PTHREAD   -o CMakeFiles/cmTC_0cfff.dir/src.c.o   -c "/mnt/d/CLionProjects/CPPNSU/example 2/_build_lib/CMakeFiles/CMakeTmp/src.c"
Linking C executable cmTC_0cfff
/usr/bin/cmake -E cmake_link_script CMakeFiles/cmTC_0cfff.dir/link.txt --verbose=1
/usr/bin/cc  -DCMAKE_HAVE_LIBC_PTHREAD    CMakeFiles/cmTC_0cfff.dir/src.c.o  -o cmTC_0cfff 
/usr/bin/ld: CMakeFiles/cmTC_0cfff.dir/src.c.o: in function `main':
src.c:(.text+0x46): undefined reference to `pthread_create'
/usr/bin/ld: src.c:(.text+0x52): undefined reference to `pthread_detach'
/usr/bin/ld: src.c:(.text+0x63): undefined reference to `pthread_join'
collect2: error: ld returned 1 exit status
make[1]: *** [CMakeFiles/cmTC_0cfff.dir/build.make:87: cmTC_0cfff] Error 1
make[1]: Leaving directory '/mnt/d/CLionProjects/CPPNSU/example 2/_build_lib/CMakeFiles/CMakeTmp'
make: *** [Makefile:121: cmTC_0cfff/fast] Error 2


Source file was:
#include <pthread.h>

void* test_func(void* data)
{
  return data;
}

int main(void)
{
  pthread_t thread;
  pthread_create(&thread, NULL, test_func, NULL);
  pthread_detach(thread);
  pthread_join(thread, NULL);
  pthread_atfork(NULL, NULL, NULL);
  pthread_exit(NULL);

  return 0;
}

Determining if the function pthread_create exists in the pthreads failed with the following output:
Change Dir: /mnt/d/CLionProjects/CPPNSU/example 2/_build_lib/CMakeFiles/CMakeTmp

Run Build Command(s):/usr/bin/make cmTC_a3cbe/fast && /usr/bin/make -f CMakeFiles/cmTC_a3cbe.dir/build.make CMakeFiles/cmTC_a3cbe.dir/build
make[1]: Entering directory '/mnt/d/CLionProjects/CPPNSU/example 2/_build_lib/CMakeFiles/CMakeTmp'
Building C object CMakeFiles/cmTC_a3cbe.dir/CheckFunctionExists.c.o
/usr/bin/cc   -DCHECK_FUNCTION_EXISTS=pthread_create   -o CMakeFiles/cmTC_a3cbe.dir/CheckFunctionExists.c.o   -c /usr/share/cmake-3.16/Modules/CheckFunctionExists.c
Linking C executable cmTC_a3cbe
/usr/bin/cmake -E cmake_link_script CMakeFiles/cmTC_a3cbe.dir/link.txt --verbose=1
/usr/bin/cc  -DCHECK_FUNCTION_EXISTS=pthread_create    CMakeFiles/cmTC_a3cbe.dir/CheckFunctionExists.c.o  -o cmTC_a3cbe  -lpthreads 
/usr/bin/ld: cannot find -lpthreads
collect2: error: ld returned 1 exit status
make[1]: *** [CMakeFiles/cmTC_a3cbe.dir/build.make:87: cmTC_a3cbe] Error 1
make[1]: Leaving directory '/mnt/d/CLionProjects/CPPNSU/example 2/_build_lib/CMakeFiles/CMakeTmp'
make: *** [Makefile:121: cmTC_a3cbe/fast] Error 2



